********************************************************************************
DUPLICATOR-LITE PACKAGE-LOG: 7 December 2020 8h42
NOTICE: Do NOT post to public sites or forums 
********************************************************************************
VERSION:	1.3.40
WORDPRESS:	5.5.3
PHP INFO:	7.4.12 | SAPI: apache2handler
SERVER:		Apache/2.4.46 (Win64) OpenSSL/1.1.1h PHP/7.4.12 
PHP TIME LIMIT: (0) no time limit imposed 
PHP MAX MEMORY: 4294967296 (512M default) 
MEMORY STACK: 14MB

********************************************************************************
DATABASE:
********************************************************************************
BUILD MODE:   MYSQLDUMP
MYSQLTIMEOUT: 5000
MYSQLDUMP:    Is Supported
SQL CREATED: 20201207_lacabanedumenuisier_f1d59f326f537dbf2419_20201207083802_database.sql
SQL FILE SIZE: 1.03MB (1084966)
SQL FILE TIME: 2020-12-07 08:42:19
SQL RUNTIME: 4.59 sec.

********************************************************************************
ARCHIVE (ZIP):
********************************************************************************
ARCHIVE DIR:  C:/xampp/htdocs/folderProjects/projetWordpress
ARCHIVE FILE: 20201207_lacabanedumenuisier_f1d59f326f537dbf2419_20201207083802_archive.zip
FILTERS: *OFF*
DIRS:
	not set
FILES:
	not set
EXTS:  not set
----------------------------------------
COMPRESSING
SIZE:	148.66MB
STATS:	Dirs 1,176 | Files 8,000
SQL ADDED: 20201207_lacabanedumenuisier_f1d59f326f537dbf2419_20201207083802_database.sql
ZipArchive Object
(
    [status] => 0
    [statusSys] => 0
    [numFiles] => 9176
    [filename] => C:\xampp\htdocs\folderProjects\projetWordpress\wp-content\backups-dup-lite\tmp\20201207_lacabanedumenuisier_f1d59f326f537dbf2419_20201207083802_archive.zip
    [comment] => 
)

FILE ADDED TO ZIP: 9175
COMPRESSION RESULT: '1'
COMPRESSED SIZE: 69.81MB
ARCHIVE RUNTIME: 18.40 sec.
MEMORY STACK: 16MB
building installer
add_extra_files1
add_extra_files2
add_extra_files3
add_extra_files4
Doing archive file check
add_extra_files5
add_extra_files6
add_extra_files8
Successfully opened zip C:/xampp/htdocs/folderProjects/projetWordpress/wp-content/backups-dup-lite/tmp/20201207_lacabanedumenuisier_f1d59f326f537dbf2419_20201207083802_archive.zip
Adding enhanced installer files to archive using ZipArchive
Installer files added to archive
Added to archive
After ziparchive close when adding installer

********************************************************************************
INTEGRITY CHECKS:
********************************************************************************
SQL FILE: 1.03MB
INSTALLER FILE: 61.33KB
ARCHIVE FILE: 71.35MB 
COMPTE ATTENDU DE FICHIERS/RÉPERTOIRES : 9,176
COMPTE ACTUEL DE FICHIERS/RÉPERTOIRES : 9,175
TEST DE COHÉRENCE D’ARCHIVE : Bon

********************************************************************************
RECORD ID:[1]
TOTAL PROCESS RUNTIME: 24.21 sec.
PEAK PHP MEMORY USED: 18MB
DONE PROCESSING => 20201207_lacabanedumenuisier 7 December 2020 8h42

